{"C:\\Users\\notan\\OneDrive\\Desktop\\DVOPS_Projects\\project\\daily-dose-project-aniq\\public\\js\\addNotes.js": {"path":"C:\\Users\\notan\\OneDrive\\Desktop\\DVOPS_Projects\\project\\daily-dose-project-aniq\\public\\js\\addNotes.js","statementMap":{"0":{"start":{"line":2,"column":19},"end":{"line":2,"column":21}},"1":{"start":{"line":3,"column":19},"end":{"line":3,"column":31}},"2":{"start":{"line":4,"column":4},"end":{"line":4,"column":60}},"3":{"start":{"line":5,"column":4},"end":{"line":5,"column":72}},"4":{"start":{"line":6,"column":4},"end":{"line":6,"column":66}},"5":{"start":{"line":7,"column":4},"end":{"line":11,"column":5}},"6":{"start":{"line":8,"column":8},"end":{"line":8,"column":82}},"7":{"start":{"line":9,"column":8},"end":{"line":9,"column":80}},"8":{"start":{"line":10,"column":8},"end":{"line":10,"column":15}},"9":{"start":{"line":12,"column":18},"end":{"line":12,"column":38}},"10":{"start":{"line":13,"column":4},"end":{"line":13,"column":45}},"11":{"start":{"line":14,"column":4},"end":{"line":14,"column":65}},"12":{"start":{"line":15,"column":4},"end":{"line":31,"column":6}},"13":{"start":{"line":16,"column":8},"end":{"line":16,"column":52}},"14":{"start":{"line":17,"column":8},"end":{"line":17,"column":29}},"15":{"start":{"line":18,"column":8},"end":{"line":30,"column":9}},"16":{"start":{"line":19,"column":12},"end":{"line":19,"column":97}},"17":{"start":{"line":20,"column":12},"end":{"line":20,"column":85}},"18":{"start":{"line":21,"column":12},"end":{"line":21,"column":56}},"19":{"start":{"line":22,"column":12},"end":{"line":22,"column":62}},"20":{"start":{"line":23,"column":12},"end":{"line":23,"column":59}},"21":{"start":{"line":24,"column":12},"end":{"line":24,"column":48}},"22":{"start":{"line":27,"column":12},"end":{"line":27,"column":82}},"23":{"start":{"line":28,"column":12},"end":{"line":28,"column":83}},"24":{"start":{"line":29,"column":12},"end":{"line":29,"column":84}},"25":{"start":{"line":32,"column":4},"end":{"line":32,"column":43}}},"fnMap":{"0":{"name":"addNotes","decl":{"start":{"line":1,"column":9},"end":{"line":1,"column":17}},"loc":{"start":{"line":1,"column":20},"end":{"line":33,"column":1}},"line":1},"1":{"name":"(anonymous_1)","decl":{"start":{"line":15,"column":21},"end":{"line":15,"column":22}},"loc":{"start":{"line":15,"column":33},"end":{"line":31,"column":5}},"line":15}},"branchMap":{"0":{"loc":{"start":{"line":7,"column":4},"end":{"line":11,"column":5}},"type":"if","locations":[{"start":{"line":7,"column":4},"end":{"line":11,"column":5}},{"start":{},"end":{}}],"line":7},"1":{"loc":{"start":{"line":7,"column":8},"end":{"line":7,"column":85}},"type":"binary-expr","locations":[{"start":{"line":7,"column":8},"end":{"line":7,"column":28}},{"start":{"line":7,"column":32},"end":{"line":7,"column":58}},{"start":{"line":7,"column":62},"end":{"line":7,"column":85}}],"line":7},"2":{"loc":{"start":{"line":18,"column":8},"end":{"line":30,"column":9}},"type":"if","locations":[{"start":{"line":18,"column":8},"end":{"line":30,"column":9}},{"start":{"line":26,"column":13},"end":{"line":30,"column":9}}],"line":18}},"s":{"0":1,"1":1,"2":1,"3":1,"4":1,"5":1,"6":0,"7":0,"8":0,"9":1,"10":1,"11":1,"12":1,"13":1,"14":1,"15":1,"16":1,"17":1,"18":1,"19":1,"20":1,"21":1,"22":0,"23":0,"24":0,"25":1},"f":{"0":1,"1":1},"b":{"0":[0,1],"1":[1,1,1],"2":[1,0]},"_coverageSchema":"1a1c01bbd47fc00a2c39e90264f33305004495a9","hash":"723e46e7ebe981831a1fb598e7cd4f9102676ddd"}
,"C:\\Users\\notan\\OneDrive\\Desktop\\DVOPS_Projects\\project\\daily-dose-project-aniq\\public\\js\\deleteNotes.js": {"path":"C:\\Users\\notan\\OneDrive\\Desktop\\DVOPS_Projects\\project\\daily-dose-project-aniq\\public\\js\\deleteNotes.js","statementMap":{"0":{"start":{"line":2,"column":19},"end":{"line":2,"column":21}},"1":{"start":{"line":4,"column":18},"end":{"line":4,"column":38}},"2":{"start":{"line":6,"column":4},"end":{"line":6,"column":64}},"3":{"start":{"line":7,"column":4},"end":{"line":7,"column":65}},"4":{"start":{"line":9,"column":4},"end":{"line":19,"column":6}},"5":{"start":{"line":10,"column":8},"end":{"line":10,"column":52}},"6":{"start":{"line":12,"column":8},"end":{"line":18,"column":9}},"7":{"start":{"line":13,"column":12},"end":{"line":13,"column":44}},"8":{"start":{"line":14,"column":12},"end":{"line":14,"column":48}},"9":{"start":{"line":17,"column":12},"end":{"line":17,"column":44}},"10":{"start":{"line":21,"column":4},"end":{"line":21,"column":19}}},"fnMap":{"0":{"name":"deleteNotes","decl":{"start":{"line":1,"column":9},"end":{"line":1,"column":20}},"loc":{"start":{"line":1,"column":33},"end":{"line":22,"column":1}},"line":1},"1":{"name":"(anonymous_1)","decl":{"start":{"line":9,"column":21},"end":{"line":9,"column":22}},"loc":{"start":{"line":9,"column":33},"end":{"line":19,"column":5}},"line":9}},"branchMap":{"0":{"loc":{"start":{"line":12,"column":8},"end":{"line":18,"column":9}},"type":"if","locations":[{"start":{"line":12,"column":8},"end":{"line":18,"column":9}},{"start":{"line":16,"column":13},"end":{"line":18,"column":9}}],"line":12}},"s":{"0":1,"1":1,"2":1,"3":1,"4":1,"5":1,"6":1,"7":1,"8":1,"9":0,"10":1},"f":{"0":1,"1":1},"b":{"0":[1,0]},"_coverageSchema":"1a1c01bbd47fc00a2c39e90264f33305004495a9","hash":"e3e3d961254e526080a428984865ffe92f2c69d5"}
,"C:\\Users\\notan\\OneDrive\\Desktop\\DVOPS_Projects\\project\\daily-dose-project-aniq\\public\\js\\editNotes.js": {"path":"C:\\Users\\notan\\OneDrive\\Desktop\\DVOPS_Projects\\project\\daily-dose-project-aniq\\public\\js\\editNotes.js","statementMap":{"0":{"start":{"line":6,"column":17},"end":{"line":6,"column":60}},"1":{"start":{"line":9,"column":4},"end":{"line":9,"column":60}},"2":{"start":{"line":10,"column":4},"end":{"line":10,"column":72}},"3":{"start":{"line":11,"column":4},"end":{"line":11,"column":66}},"4":{"start":{"line":14,"column":4},"end":{"line":16,"column":6}},"5":{"start":{"line":15,"column":8},"end":{"line":15,"column":28}},"6":{"start":{"line":19,"column":4},"end":{"line":19,"column":42}},"7":{"start":{"line":27,"column":25},"end":{"line":27,"column":67}},"8":{"start":{"line":28,"column":31},"end":{"line":28,"column":79}},"9":{"start":{"line":29,"column":28},"end":{"line":29,"column":73}},"10":{"start":{"line":31,"column":24},"end":{"line":35,"column":5}},"11":{"start":{"line":38,"column":20},"end":{"line":38,"column":40}},"12":{"start":{"line":39,"column":4},"end":{"line":39,"column":55}},"13":{"start":{"line":40,"column":4},"end":{"line":40,"column":65}},"14":{"start":{"line":42,"column":4},"end":{"line":54,"column":6}},"15":{"start":{"line":44,"column":8},"end":{"line":53,"column":9}},"16":{"start":{"line":46,"column":12},"end":{"line":46,"column":24}},"17":{"start":{"line":47,"column":12},"end":{"line":47,"column":50}},"18":{"start":{"line":48,"column":12},"end":{"line":48,"column":59}},"19":{"start":{"line":49,"column":12},"end":{"line":49,"column":43}},"20":{"start":{"line":52,"column":12},"end":{"line":52,"column":111}},"21":{"start":{"line":57,"column":4},"end":{"line":59,"column":6}},"22":{"start":{"line":58,"column":8},"end":{"line":58,"column":73}},"23":{"start":{"line":62,"column":4},"end":{"line":62,"column":46}}},"fnMap":{"0":{"name":"editNote","decl":{"start":{"line":4,"column":9},"end":{"line":4,"column":17}},"loc":{"start":{"line":4,"column":31},"end":{"line":20,"column":1}},"line":4},"1":{"name":"(anonymous_1)","decl":{"start":{"line":14,"column":54},"end":{"line":14,"column":55}},"loc":{"start":{"line":14,"column":66},"end":{"line":16,"column":5}},"line":14},"2":{"name":"updateNote","decl":{"start":{"line":25,"column":9},"end":{"line":25,"column":19}},"loc":{"start":{"line":25,"column":28},"end":{"line":63,"column":1}},"line":25},"3":{"name":"(anonymous_3)","decl":{"start":{"line":42,"column":21},"end":{"line":42,"column":22}},"loc":{"start":{"line":42,"column":33},"end":{"line":54,"column":5}},"line":42},"4":{"name":"(anonymous_4)","decl":{"start":{"line":57,"column":22},"end":{"line":57,"column":23}},"loc":{"start":{"line":57,"column":33},"end":{"line":59,"column":5}},"line":57}},"branchMap":{"0":{"loc":{"start":{"line":44,"column":8},"end":{"line":53,"column":9}},"type":"if","locations":[{"start":{"line":44,"column":8},"end":{"line":53,"column":9}},{"start":{"line":50,"column":15},"end":{"line":53,"column":9}}],"line":44},"1":{"loc":{"start":{"line":44,"column":12},"end":{"line":44,"column":60}},"type":"binary-expr","locations":[{"start":{"line":44,"column":12},"end":{"line":44,"column":34}},{"start":{"line":44,"column":38},"end":{"line":44,"column":60}}],"line":44}},"s":{"0":0,"1":0,"2":0,"3":0,"4":0,"5":0,"6":0,"7":0,"8":0,"9":0,"10":0,"11":0,"12":0,"13":0,"14":0,"15":0,"16":0,"17":0,"18":0,"19":0,"20":0,"21":0,"22":0,"23":0},"f":{"0":0,"1":0,"2":0,"3":0,"4":0},"b":{"0":[0,0],"1":[0,0]},"_coverageSchema":"1a1c01bbd47fc00a2c39e90264f33305004495a9","hash":"86732575727afc3fafc9b536ed519f32b10ede73"}
,"C:\\Users\\notan\\OneDrive\\Desktop\\DVOPS_Projects\\project\\daily-dose-project-aniq\\public\\js\\viewNotes.js": {"path":"C:\\Users\\notan\\OneDrive\\Desktop\\DVOPS_Projects\\project\\daily-dose-project-aniq\\public\\js\\viewNotes.js","statementMap":{"0":{"start":{"line":2,"column":18},"end":{"line":2,"column":38}},"1":{"start":{"line":3,"column":4},"end":{"line":3,"column":45}},"2":{"start":{"line":4,"column":4},"end":{"line":4,"column":65}},"3":{"start":{"line":5,"column":4},"end":{"line":29,"column":6}},"4":{"start":{"line":6,"column":23},"end":{"line":6,"column":55}},"5":{"start":{"line":7,"column":19},"end":{"line":7,"column":21}},"6":{"start":{"line":9,"column":8},"end":{"line":26,"column":9}},"7":{"start":{"line":9,"column":21},"end":{"line":9,"column":22}},"8":{"start":{"line":10,"column":12},"end":{"line":25,"column":13}},"9":{"start":{"line":11,"column":16},"end":{"line":24,"column":18}},"10":{"start":{"line":28,"column":8},"end":{"line":28,"column":65}},"11":{"start":{"line":30,"column":4},"end":{"line":30,"column":19}},"12":{"start":{"line":35,"column":27},"end":{"line":35,"column":74}},"13":{"start":{"line":36,"column":4},"end":{"line":36,"column":32}}},"fnMap":{"0":{"name":"viewNotes","decl":{"start":{"line":1,"column":9},"end":{"line":1,"column":18}},"loc":{"start":{"line":1,"column":42},"end":{"line":31,"column":1}},"line":1},"1":{"name":"(anonymous_1)","decl":{"start":{"line":5,"column":21},"end":{"line":5,"column":22}},"loc":{"start":{"line":5,"column":33},"end":{"line":29,"column":5}},"line":5},"2":{"name":"filterNotes","decl":{"start":{"line":34,"column":9},"end":{"line":34,"column":20}},"loc":{"start":{"line":34,"column":23},"end":{"line":37,"column":1}},"line":34}},"branchMap":{"0":{"loc":{"start":{"line":1,"column":19},"end":{"line":1,"column":40}},"type":"default-arg","locations":[{"start":{"line":1,"column":35},"end":{"line":1,"column":40}}],"line":1},"1":{"loc":{"start":{"line":10,"column":12},"end":{"line":25,"column":13}},"type":"if","locations":[{"start":{"line":10,"column":12},"end":{"line":25,"column":13}},{"start":{},"end":{}}],"line":10},"2":{"loc":{"start":{"line":10,"column":16},"end":{"line":10,"column":81}},"type":"binary-expr","locations":[{"start":{"line":10,"column":16},"end":{"line":10,"column":39}},{"start":{"line":10,"column":43},"end":{"line":10,"column":81}}],"line":10}},"s":{"0":7,"1":7,"2":7,"3":7,"4":6,"5":6,"6":6,"7":6,"8":45,"9":39,"10":6,"11":7,"12":1,"13":1},"f":{"0":7,"1":6,"2":1},"b":{"0":[6],"1":[39,6],"2":[45,7]},"_coverageSchema":"1a1c01bbd47fc00a2c39e90264f33305004495a9","hash":"f4b603440105c2dac6d33ab10dc370b7d724d374"}
,"C:\\Users\\notan\\OneDrive\\Desktop\\DVOPS_Projects\\project\\daily-dose-project-aniq\\utils\\NotesUtils.js": {"path":"C:\\Users\\notan\\OneDrive\\Desktop\\DVOPS_Projects\\project\\daily-dose-project-aniq\\utils\\NotesUtils.js","statementMap":{"0":{"start":{"line":1,"column":11},"end":{"line":1,"column":33}},"1":{"start":{"line":4,"column":4},"end":{"line":7,"column":52}},"2":{"start":{"line":5,"column":21},"end":{"line":5,"column":56}},"3":{"start":{"line":6,"column":8},"end":{"line":6,"column":32}},"4":{"start":{"line":7,"column":20},"end":{"line":7,"column":39}},"5":{"start":{"line":7,"column":40},"end":{"line":7,"column":50}},"6":{"start":{"line":11,"column":4},"end":{"line":16,"column":52}},"7":{"start":{"line":12,"column":27},"end":{"line":12,"column":51}},"8":{"start":{"line":13,"column":8},"end":{"line":13,"column":32}},"9":{"start":{"line":14,"column":8},"end":{"line":14,"column":73}},"10":{"start":{"line":15,"column":8},"end":{"line":15,"column":26}},"11":{"start":{"line":16,"column":20},"end":{"line":16,"column":39}},"12":{"start":{"line":16,"column":40},"end":{"line":16,"column":50}},"13":{"start":{"line":19,"column":0},"end":{"line":21,"column":1}}},"fnMap":{"0":{"name":"readJSON","decl":{"start":{"line":3,"column":15},"end":{"line":3,"column":23}},"loc":{"start":{"line":3,"column":34},"end":{"line":8,"column":1}},"line":3},"1":{"name":"writeJSON","decl":{"start":{"line":10,"column":15},"end":{"line":10,"column":24}},"loc":{"start":{"line":10,"column":43},"end":{"line":17,"column":1}},"line":10}},"branchMap":{},"s":{"0":1,"1":6,"2":6,"3":6,"4":0,"5":0,"6":1,"7":1,"8":1,"9":1,"10":1,"11":0,"12":0,"13":1},"f":{"0":6,"1":1},"b":{},"_coverageSchema":"1a1c01bbd47fc00a2c39e90264f33305004495a9","hash":"39307f7471dfa217d64b8836b8560a2010d3cc0a","contentHash":"4867512837fb2aeb85d901765a0d753b49e912ee86dbc6648fbff80dc8a9d929"}
,"C:\\Users\\notan\\OneDrive\\Desktop\\DVOPS_Projects\\project\\daily-dose-project-aniq\\utils\\addNotes.js": {"path":"C:\\Users\\notan\\OneDrive\\Desktop\\DVOPS_Projects\\project\\daily-dose-project-aniq\\utils\\addNotes.js","statementMap":{"0":{"start":{"line":1,"column":18},"end":{"line":1,"column":47}},"1":{"start":{"line":2,"column":22},"end":{"line":2,"column":48}},"2":{"start":{"line":6,"column":4},"end":{"line":24,"column":5}},"3":{"start":{"line":7,"column":22},"end":{"line":7,"column":36}},"4":{"start":{"line":8,"column":28},"end":{"line":8,"column":48}},"5":{"start":{"line":9,"column":25},"end":{"line":9,"column":42}},"6":{"start":{"line":10,"column":8},"end":{"line":21,"column":9}},"7":{"start":{"line":11,"column":12},"end":{"line":11,"column":91}},"8":{"start":{"line":13,"column":15},"end":{"line":21,"column":9}},"9":{"start":{"line":14,"column":12},"end":{"line":14,"column":77}},"10":{"start":{"line":15,"column":15},"end":{"line":21,"column":9}},"11":{"start":{"line":16,"column":12},"end":{"line":16,"column":88}},"12":{"start":{"line":18,"column":29},"end":{"line":18,"column":68}},"13":{"start":{"line":19,"column":33},"end":{"line":19,"column":78}},"14":{"start":{"line":20,"column":12},"end":{"line":20,"column":54}},"15":{"start":{"line":23,"column":8},"end":{"line":23,"column":64}},"16":{"start":{"line":28,"column":0},"end":{"line":30,"column":1}}},"fnMap":{"0":{"name":"addNotes","decl":{"start":{"line":5,"column":15},"end":{"line":5,"column":23}},"loc":{"start":{"line":5,"column":34},"end":{"line":25,"column":1}},"line":5}},"branchMap":{"0":{"loc":{"start":{"line":10,"column":8},"end":{"line":21,"column":9}},"type":"if","locations":[{"start":{"line":10,"column":8},"end":{"line":21,"column":9}},{"start":{"line":13,"column":15},"end":{"line":21,"column":9}}],"line":10},"1":{"loc":{"start":{"line":10,"column":12},"end":{"line":10,"column":50}},"type":"binary-expr","locations":[{"start":{"line":10,"column":12},"end":{"line":10,"column":24}},{"start":{"line":10,"column":28},"end":{"line":10,"column":50}}],"line":10},"2":{"loc":{"start":{"line":13,"column":15},"end":{"line":21,"column":9}},"type":"if","locations":[{"start":{"line":13,"column":15},"end":{"line":21,"column":9}},{"start":{"line":15,"column":15},"end":{"line":21,"column":9}}],"line":13},"3":{"loc":{"start":{"line":13,"column":19},"end":{"line":13,"column":45}},"type":"binary-expr","locations":[{"start":{"line":13,"column":19},"end":{"line":13,"column":25}},{"start":{"line":13,"column":29},"end":{"line":13,"column":45}}],"line":13},"4":{"loc":{"start":{"line":15,"column":15},"end":{"line":21,"column":9}},"type":"if","locations":[{"start":{"line":15,"column":15},"end":{"line":21,"column":9}},{"start":{"line":17,"column":15},"end":{"line":21,"column":9}}],"line":15},"5":{"loc":{"start":{"line":15,"column":19},"end":{"line":15,"column":44}},"type":"binary-expr","locations":[{"start":{"line":15,"column":19},"end":{"line":15,"column":28}},{"start":{"line":15,"column":32},"end":{"line":15,"column":44}}],"line":15}},"s":{"0":1,"1":1,"2":4,"3":4,"4":4,"5":4,"6":4,"7":1,"8":3,"9":1,"10":2,"11":1,"12":1,"13":1,"14":1,"15":0,"16":1},"f":{"0":4},"b":{"0":[1,3],"1":[4,3],"2":[1,2],"3":[3,2],"4":[1,1],"5":[2,1]},"_coverageSchema":"1a1c01bbd47fc00a2c39e90264f33305004495a9","hash":"a43ff8a438143c433858fe936cd5240f4fa4ba33","contentHash":"7f5639217dff27a0b71aac1054a4ad5959c8011f6fd2c8be9ef85ccbc45bdd45"}
,"C:\\Users\\notan\\OneDrive\\Desktop\\DVOPS_Projects\\project\\daily-dose-project-aniq\\utils\\deleteNotes.js": {"path":"C:\\Users\\notan\\OneDrive\\Desktop\\DVOPS_Projects\\project\\daily-dose-project-aniq\\utils\\deleteNotes.js","statementMap":{"0":{"start":{"line":1,"column":18},"end":{"line":1,"column":47}},"1":{"start":{"line":2,"column":21},"end":{"line":2,"column":47}},"2":{"start":{"line":3,"column":11},"end":{"line":3,"column":33}},"3":{"start":{"line":7,"column":4},"end":{"line":28,"column":5}},"4":{"start":{"line":8,"column":19},"end":{"line":8,"column":32}},"5":{"start":{"line":10,"column":25},"end":{"line":10,"column":59}},"6":{"start":{"line":11,"column":20},"end":{"line":11,"column":22}},"7":{"start":{"line":13,"column":8},"end":{"line":17,"column":9}},"8":{"start":{"line":13,"column":21},"end":{"line":13,"column":22}},"9":{"start":{"line":14,"column":31},"end":{"line":14,"column":42}},"10":{"start":{"line":15,"column":12},"end":{"line":16,"column":26}},"11":{"start":{"line":16,"column":16},"end":{"line":16,"column":26}},"12":{"start":{"line":19,"column":8},"end":{"line":25,"column":9}},"13":{"start":{"line":20,"column":12},"end":{"line":20,"column":38}},"14":{"start":{"line":21,"column":12},"end":{"line":21,"column":85}},"15":{"start":{"line":22,"column":12},"end":{"line":22,"column":83}},"16":{"start":{"line":24,"column":12},"end":{"line":24,"column":90}},"17":{"start":{"line":27,"column":8},"end":{"line":27,"column":64}},"18":{"start":{"line":31,"column":0},"end":{"line":33,"column":1}}},"fnMap":{"0":{"name":"deleteNotes","decl":{"start":{"line":6,"column":15},"end":{"line":6,"column":26}},"loc":{"start":{"line":6,"column":37},"end":{"line":29,"column":1}},"line":6}},"branchMap":{"0":{"loc":{"start":{"line":15,"column":12},"end":{"line":16,"column":26}},"type":"if","locations":[{"start":{"line":15,"column":12},"end":{"line":16,"column":26}},{"start":{},"end":{}}],"line":15},"1":{"loc":{"start":{"line":19,"column":8},"end":{"line":25,"column":9}},"type":"if","locations":[{"start":{"line":19,"column":8},"end":{"line":25,"column":9}},{"start":{"line":23,"column":15},"end":{"line":25,"column":9}}],"line":19}},"s":{"0":1,"1":1,"2":1,"3":2,"4":2,"5":2,"6":2,"7":2,"8":2,"9":15,"10":15,"11":1,"12":2,"13":1,"14":1,"15":1,"16":1,"17":0,"18":1},"f":{"0":2},"b":{"0":[1,14],"1":[1,1]},"_coverageSchema":"1a1c01bbd47fc00a2c39e90264f33305004495a9","hash":"351ad50da716d299695fc2742e5191ff640f757d","contentHash":"99463646462fdbe05f70abaad998e6b3a10d3079222c551e23eb98a6127aaa14"}
,"C:\\Users\\notan\\OneDrive\\Desktop\\DVOPS_Projects\\project\\daily-dose-project-aniq\\utils\\editNotes.js": {"path":"C:\\Users\\notan\\OneDrive\\Desktop\\DVOPS_Projects\\project\\daily-dose-project-aniq\\utils\\editNotes.js","statementMap":{"0":{"start":{"line":1,"column":18},"end":{"line":1,"column":47}},"1":{"start":{"line":2,"column":21},"end":{"line":2,"column":47}},"2":{"start":{"line":3,"column":11},"end":{"line":3,"column":33}},"3":{"start":{"line":6,"column":4},"end":{"line":37,"column":5}},"4":{"start":{"line":8,"column":19},"end":{"line":8,"column":32}},"5":{"start":{"line":9,"column":22},"end":{"line":9,"column":36}},"6":{"start":{"line":10,"column":28},"end":{"line":10,"column":48}},"7":{"start":{"line":11,"column":25},"end":{"line":11,"column":42}},"8":{"start":{"line":14,"column":25},"end":{"line":14,"column":59}},"9":{"start":{"line":15,"column":23},"end":{"line":15,"column":28}},"10":{"start":{"line":17,"column":8},"end":{"line":27,"column":9}},"11":{"start":{"line":17,"column":21},"end":{"line":17,"column":22}},"12":{"start":{"line":18,"column":35},"end":{"line":18,"column":46}},"13":{"start":{"line":19,"column":12},"end":{"line":26,"column":13}},"14":{"start":{"line":21,"column":16},"end":{"line":21,"column":42}},"15":{"start":{"line":22,"column":16},"end":{"line":22,"column":54}},"16":{"start":{"line":23,"column":16},"end":{"line":23,"column":48}},"17":{"start":{"line":24,"column":16},"end":{"line":24,"column":32}},"18":{"start":{"line":25,"column":16},"end":{"line":25,"column":22}},"19":{"start":{"line":28,"column":8},"end":{"line":34,"column":9}},"20":{"start":{"line":29,"column":12},"end":{"line":29,"column":85}},"21":{"start":{"line":30,"column":12},"end":{"line":30,"column":83}},"22":{"start":{"line":32,"column":12},"end":{"line":32,"column":90}},"23":{"start":{"line":36,"column":8},"end":{"line":36,"column":64}},"24":{"start":{"line":40,"column":0},"end":{"line":42,"column":1}}},"fnMap":{"0":{"name":"editNotes","decl":{"start":{"line":5,"column":15},"end":{"line":5,"column":24}},"loc":{"start":{"line":5,"column":35},"end":{"line":38,"column":1}},"line":5}},"branchMap":{"0":{"loc":{"start":{"line":19,"column":12},"end":{"line":26,"column":13}},"type":"if","locations":[{"start":{"line":19,"column":12},"end":{"line":26,"column":13}},{"start":{},"end":{}}],"line":19},"1":{"loc":{"start":{"line":28,"column":8},"end":{"line":34,"column":9}},"type":"if","locations":[{"start":{"line":28,"column":8},"end":{"line":34,"column":9}},{"start":{"line":31,"column":15},"end":{"line":34,"column":9}}],"line":28}},"s":{"0":1,"1":1,"2":1,"3":2,"4":2,"5":2,"6":2,"7":2,"8":2,"9":2,"10":2,"11":2,"12":16,"13":16,"14":1,"15":1,"16":1,"17":1,"18":1,"19":2,"20":1,"21":1,"22":1,"23":0,"24":1},"f":{"0":2},"b":{"0":[1,15],"1":[1,1]},"_coverageSchema":"1a1c01bbd47fc00a2c39e90264f33305004495a9","hash":"cbd432298065a401e4839c81c3d01caeb3b563e0","contentHash":"80db6ca94ab5b90a1d4e9aa3c184006ad8fdf92fe207d9af2dc2f8f732a02d70"}
,"C:\\Users\\notan\\OneDrive\\Desktop\\DVOPS_Projects\\project\\daily-dose-project-aniq\\utils\\viewNotes.js": {"path":"C:\\Users\\notan\\OneDrive\\Desktop\\DVOPS_Projects\\project\\daily-dose-project-aniq\\utils\\viewNotes.js","statementMap":{"0":{"start":{"line":1,"column":18},"end":{"line":1,"column":47}},"1":{"start":{"line":2,"column":21},"end":{"line":2,"column":47}},"2":{"start":{"line":6,"column":4},"end":{"line":11,"column":5}},"3":{"start":{"line":7,"column":25},"end":{"line":7,"column":59}},"4":{"start":{"line":8,"column":8},"end":{"line":8,"column":46}},"5":{"start":{"line":10,"column":8},"end":{"line":10,"column":64}},"6":{"start":{"line":14,"column":0},"end":{"line":16,"column":1}}},"fnMap":{"0":{"name":"viewNotes","decl":{"start":{"line":5,"column":15},"end":{"line":5,"column":24}},"loc":{"start":{"line":5,"column":35},"end":{"line":12,"column":1}},"line":5}},"branchMap":{},"s":{"0":1,"1":1,"2":1,"3":1,"4":1,"5":0,"6":1},"f":{"0":1},"b":{},"_coverageSchema":"1a1c01bbd47fc00a2c39e90264f33305004495a9","hash":"0675be79e7b1267159945ecfe2788cc3cb8b1d54","contentHash":"467d801dfbff4b61fe21d67d20d01f641e1d9b6e207ccc83a68c6330bcc26b2f"}
}
