{"total": {"lines":{"total":78,"covered":72,"skipped":0,"pct":92.3},"statements":{"total":82,"covered":74,"skipped":0,"pct":90.24},"functions":{"total":6,"covered":6,"skipped":0,"pct":100},"branches":{"total":20,"covered":20,"skipped":0,"pct":100},"branchesTrue":{"total":0,"covered":0,"skipped":0,"pct":"Unknown"}}
,"C:\\Users\\notan\\OneDrive\\Desktop\\DVOPS_Projects\\project\\daily-dose-project-aniq\\utils\\NotesUtils.js": {"lines":{"total":12,"covered":10,"skipped":0,"pct":83.33},"functions":{"total":2,"covered":2,"skipped":0,"pct":100},"statements":{"total":14,"covered":10,"skipped":0,"pct":71.42},"branches":{"total":0,"covered":0,"skipped":0,"pct":100}}
,"C:\\Users\\notan\\OneDrive\\Desktop\\DVOPS_Projects\\project\\daily-dose-project-aniq\\utils\\addNotes.js": {"lines":{"total":17,"covered":16,"skipped":0,"pct":94.11},"functions":{"total":1,"covered":1,"skipped":0,"pct":100},"statements":{"total":17,"covered":16,"skipped":0,"pct":94.11},"branches":{"total":12,"covered":12,"skipped":0,"pct":100}}
,"C:\\Users\\notan\\OneDrive\\Desktop\\DVOPS_Projects\\project\\daily-dose-project-aniq\\utils\\deleteNotes.js": {"lines":{"total":18,"covered":17,"skipped":0,"pct":94.44},"functions":{"total":1,"covered":1,"skipped":0,"pct":100},"statements":{"total":19,"covered":18,"skipped":0,"pct":94.73},"branches":{"total":4,"covered":4,"skipped":0,"pct":100}}
,"C:\\Users\\notan\\OneDrive\\Desktop\\DVOPS_Projects\\project\\daily-dose-project-aniq\\utils\\editNotes.js": {"lines":{"total":24,"covered":23,"skipped":0,"pct":95.83},"functions":{"total":1,"covered":1,"skipped":0,"pct":100},"statements":{"total":25,"covered":24,"skipped":0,"pct":96},"branches":{"total":4,"covered":4,"skipped":0,"pct":100}}
,"C:\\Users\\notan\\OneDrive\\Desktop\\DVOPS_Projects\\project\\daily-dose-project-aniq\\utils\\viewNotes.js": {"lines":{"total":7,"covered":6,"skipped":0,"pct":85.71},"functions":{"total":1,"covered":1,"skipped":0,"pct":100},"statements":{"total":7,"covered":6,"skipped":0,"pct":85.71},"branches":{"total":0,"covered":0,"skipped":0,"pct":100}}
}
