{"total": {"lines":{"total":74,"covered":43,"skipped":0,"pct":58.1},"statements":{"total":75,"covered":44,"skipped":0,"pct":58.66},"functions":{"total":12,"covered":7,"skipped":0,"pct":58.33},"branches":{"total":18,"covered":11,"skipped":0,"pct":61.11},"branchesTrue":{"total":0,"covered":0,"skipped":0,"pct":"Unknown"}}
,"C:\\Users\\notan\\OneDrive\\Desktop\\DVOPS_Projects\\project\\daily-dose-project-aniq\\public\\js\\addNotes.js": {"lines":{"total":26,"covered":20,"skipped":0,"pct":76.92},"functions":{"total":2,"covered":2,"skipped":0,"pct":100},"statements":{"total":26,"covered":20,"skipped":0,"pct":76.92},"branches":{"total":7,"covered":5,"skipped":0,"pct":71.42}}
,"C:\\Users\\notan\\OneDrive\\Desktop\\DVOPS_Projects\\project\\daily-dose-project-aniq\\public\\js\\deleteNotes.js": {"lines":{"total":11,"covered":10,"skipped":0,"pct":90.9},"functions":{"total":2,"covered":2,"skipped":0,"pct":100},"statements":{"total":11,"covered":10,"skipped":0,"pct":90.9},"branches":{"total":2,"covered":1,"skipped":0,"pct":50}}
,"C:\\Users\\notan\\OneDrive\\Desktop\\DVOPS_Projects\\project\\daily-dose-project-aniq\\public\\js\\editNotes.js": {"lines":{"total":24,"covered":0,"skipped":0,"pct":0},"functions":{"total":5,"covered":0,"skipped":0,"pct":0},"statements":{"total":24,"covered":0,"skipped":0,"pct":0},"branches":{"total":4,"covered":0,"skipped":0,"pct":0}}
,"C:\\Users\\notan\\OneDrive\\Desktop\\DVOPS_Projects\\project\\daily-dose-project-aniq\\public\\js\\viewNotes.js": {"lines":{"total":13,"covered":13,"skipped":0,"pct":100},"functions":{"total":3,"covered":3,"skipped":0,"pct":100},"statements":{"total":14,"covered":14,"skipped":0,"pct":100},"branches":{"total":5,"covered":5,"skipped":0,"pct":100}}
}
