TN:
SF:public\js\addNotes.js
FN:1,addNotes
FN:15,(anonymous_1)
FNF:2
FNH:2
FNDA:1,addNotes
FNDA:1,(anonymous_1)
DA:2,1
DA:3,1
DA:4,1
DA:5,1
DA:6,1
DA:7,1
DA:8,0
DA:9,0
DA:10,0
DA:12,1
DA:13,1
DA:14,1
DA:15,1
DA:16,1
DA:17,1
DA:18,1
DA:19,1
DA:20,1
DA:21,1
DA:22,1
DA:23,1
DA:24,1
DA:27,0
DA:28,0
DA:29,0
DA:32,1
LF:26
LH:20
BRDA:7,0,0,0
BRDA:7,0,1,1
BRDA:7,1,0,1
BRDA:7,1,1,1
BRDA:7,1,2,1
BRDA:18,2,0,1
BRDA:18,2,1,0
BRF:7
BRH:5
end_of_record
TN:
SF:public\js\deleteNotes.js
FN:1,deleteNotes
FN:9,(anonymous_1)
FNF:2
FNH:2
FNDA:1,deleteNotes
FNDA:1,(anonymous_1)
DA:2,1
DA:4,1
DA:6,1
DA:7,1
DA:9,1
DA:10,1
DA:12,1
DA:13,1
DA:14,1
DA:17,0
DA:21,1
LF:11
LH:10
BRDA:12,0,0,1
BRDA:12,0,1,0
BRF:2
BRH:1
end_of_record
TN:
SF:public\js\editNotes.js
FN:4,editNote
FN:14,(anonymous_1)
FN:25,updateNote
FN:42,(anonymous_3)
FN:57,(anonymous_4)
FNF:5
FNH:0
FNDA:0,editNote
FNDA:0,(anonymous_1)
FNDA:0,updateNote
FNDA:0,(anonymous_3)
FNDA:0,(anonymous_4)
DA:6,0
DA:9,0
DA:10,0
DA:11,0
DA:14,0
DA:15,0
DA:19,0
DA:27,0
DA:28,0
DA:29,0
DA:31,0
DA:38,0
DA:39,0
DA:40,0
DA:42,0
DA:44,0
DA:46,0
DA:47,0
DA:48,0
DA:49,0
DA:52,0
DA:57,0
DA:58,0
DA:62,0
LF:24
LH:0
BRDA:44,0,0,0
BRDA:44,0,1,0
BRDA:44,1,0,0
BRDA:44,1,1,0
BRF:4
BRH:0
end_of_record
TN:
SF:public\js\viewNotes.js
FN:1,viewNotes
FN:5,(anonymous_1)
FN:34,filterNotes
FNF:3
FNH:3
FNDA:13,viewNotes
FNDA:12,(anonymous_1)
FNDA:4,filterNotes
DA:2,13
DA:3,13
DA:4,13
DA:5,13
DA:6,12
DA:7,12
DA:9,12
DA:10,51
DA:11,39
DA:28,12
DA:30,13
DA:35,4
DA:36,4
LF:13
LH:13
BRDA:1,0,0,9
BRDA:10,1,0,39
BRDA:10,1,1,12
BRDA:10,2,0,51
BRDA:10,2,1,16
BRF:5
BRH:5
end_of_record
