TN:
SF:utils\NotesUtils.js
FN:3,readJSON
FN:10,writeJSON
FNF:2
FNH:2
FNDA:6,readJSON
FNDA:1,writeJSON
DA:1,1
DA:4,6
DA:5,6
DA:6,6
DA:7,0
DA:11,1
DA:12,1
DA:13,1
DA:14,1
DA:15,1
DA:16,0
DA:19,1
LF:12
LH:10
BRF:0
BRH:0
end_of_record
TN:
SF:utils\addNotes.js
FN:5,addNotes
FNF:1
FNH:1
FNDA:4,addNotes
DA:1,1
DA:2,1
DA:6,4
DA:7,4
DA:8,4
DA:9,4
DA:10,4
DA:11,1
DA:13,3
DA:14,1
DA:15,2
DA:16,1
DA:18,1
DA:19,1
DA:20,1
DA:23,0
DA:28,1
LF:17
LH:16
BRDA:10,0,0,1
BRDA:10,0,1,3
BRDA:10,1,0,4
BRDA:10,1,1,3
BRDA:13,2,0,1
BRDA:13,2,1,2
BRDA:13,3,0,3
BRDA:13,3,1,2
BRDA:15,4,0,1
BRDA:15,4,1,1
BRDA:15,5,0,2
BRDA:15,5,1,1
BRF:12
BRH:12
end_of_record
TN:
SF:utils\deleteNotes.js
FN:6,deleteNotes
FNF:1
FNH:1
FNDA:2,deleteNotes
DA:1,1
DA:2,1
DA:3,1
DA:7,2
DA:8,2
DA:10,2
DA:11,2
DA:13,2
DA:14,21
DA:15,21
DA:16,1
DA:19,2
DA:20,1
DA:21,1
DA:22,1
DA:24,1
DA:27,0
DA:31,1
LF:18
LH:17
BRDA:15,0,0,1
BRDA:15,0,1,20
BRDA:19,1,0,1
BRDA:19,1,1,1
BRF:4
BRH:4
end_of_record
TN:
SF:utils\editNotes.js
FN:5,editNotes
FNF:1
FNH:1
FNDA:2,editNotes
DA:1,1
DA:2,1
DA:3,1
DA:6,2
DA:8,2
DA:9,2
DA:10,2
DA:11,2
DA:14,2
DA:15,2
DA:17,2
DA:18,22
DA:19,22
DA:21,1
DA:22,1
DA:23,1
DA:24,1
DA:25,1
DA:28,2
DA:29,1
DA:30,1
DA:32,1
DA:36,0
DA:40,1
LF:24
LH:23
BRDA:19,0,0,1
BRDA:19,0,1,21
BRDA:28,1,0,1
BRDA:28,1,1,1
BRF:4
BRH:4
end_of_record
TN:
SF:utils\viewNotes.js
FN:5,viewNotes
FNF:1
FNH:1
FNDA:1,viewNotes
DA:1,1
DA:2,1
DA:6,1
DA:7,1
DA:8,1
DA:10,0
DA:14,1
LF:7
LH:6
BRF:0
BRH:0
end_of_record
